INFO [acme.Launcher] Starting Launcher using Java 1.8.0_221 on CAPONATA with PID 21928 (D:\Courses\D&T\20-21\Workspace-21.2\Starters\Acme-Jobs\target\classes started by corchu in D:\Courses\D&T\20-21\Workspace-21.2\Starters\Acme-Jobs)
INFO [acme.Launcher] The following profiles are active: development,populator
INFO [acme.Launcher] Starting Launcher using Java 1.8.0_221 on CAPONATA with PID 25696 (D:\Courses\D&T\20-21\Workspace-21.2\Starters\Acme-Jobs\target\classes started by corchu in D:\Courses\D&T\20-21\Workspace-21.2\Starters\Acme-Jobs)
INFO [acme.Launcher] The following profiles are active: development,populator
INFO [acme.Launcher] Starting Launcher using Java 1.8.0_221 on CAPONATA with PID 20976 (D:\Courses\D&T\20-21\Workspace-21.2\Starters\Acme-Jobs\target\classes started by corchu in D:\Courses\D&T\20-21\Workspace-21.2\Starters\Acme-Jobs)
INFO [acme.Launcher] The following profiles are active: development,populator
INFO [acme.Launcher] Started Launcher in 6.004 seconds (JVM running for 6.684)
INFO [acme.framework.utilities.DatabasePopulator] Populating sample data
INFO [acme.framework.utilities.DatabasePopulator] Recreating schema
INFO [acme.framework.utilities.DatabasePopulator] Populating entities from classpath:/WEB-INF/population/initial-data.xml
INFO [acme.framework.utilities.DatabasePopulator] Validating your entities.
INFO [acme.framework.utilities.DatabasePopulator] Validating anonymousUserAccount ... PASS
INFO [acme.framework.utilities.DatabasePopulator] Validating anonymousAnonymous ... PASS
INFO [acme.framework.utilities.DatabasePopulator] Validating administratorUserAccount ... PASS
INFO [acme.framework.utilities.DatabasePopulator] Validating administratorAdministrator ... PASS
INFO [acme.framework.utilities.DatabasePopulator] Validating administratorAuthenticated ... PASS
INFO [acme.framework.utilities.DatabasePopulator] Sorting your entities topologically.
INFO [acme.framework.utilities.DatabasePopulator] > Setting index 0 for anonymousUserAccount.
INFO [acme.framework.utilities.DatabasePopulator] > Setting index 1 for anonymousAnonymous.
INFO [acme.framework.utilities.DatabasePopulator] > Setting index 2 for administratorUserAccount.
INFO [acme.framework.utilities.DatabasePopulator] > Setting index 3 for administratorAdministrator.
INFO [acme.framework.utilities.DatabasePopulator] > Setting index 4 for administratorAuthenticated.
INFO [acme.framework.utilities.DatabasePopulator] Persiting your entities.
INFO [acme.framework.utilities.DatabasePopulator] > Persisting anonymousUserAccount = acme.framework.entities.UserAccount{id=1, version=0}
INFO [acme.framework.utilities.DatabasePopulator] > Persisting anonymousAnonymous = acme.framework.entities.Anonymous{id=2, version=0}
INFO [acme.framework.utilities.DatabasePopulator] > Persisting administratorUserAccount = acme.framework.entities.UserAccount{id=3, version=0}
INFO [acme.framework.utilities.DatabasePopulator] > Persisting administratorAdministrator = acme.framework.entities.Administrator{id=4, version=0}
INFO [acme.framework.utilities.DatabasePopulator] > Persisting administratorAuthenticated = acme.framework.entities.Authenticated{id=5, version=0}
INFO [acme.framework.utilities.DatabasePopulator] Populating entities from classpath:/WEB-INF/population/sample-data.xml
INFO [acme.framework.utilities.DatabasePopulator] Validating your entities.
INFO [acme.framework.utilities.DatabasePopulator] Validating shout01 ... PASS
INFO [acme.framework.utilities.DatabasePopulator] Validating shout02 ... PASS
INFO [acme.framework.utilities.DatabasePopulator] Validating shout03 ... PASS
INFO [acme.framework.utilities.DatabasePopulator] Validating shout04 ... PASS
INFO [acme.framework.utilities.DatabasePopulator] Validating announcement01 ... PASS
INFO [acme.framework.utilities.DatabasePopulator] Validating announcement02 ... PASS
INFO [acme.framework.utilities.DatabasePopulator] Validating announcement03 ... PASS
INFO [acme.framework.utilities.DatabasePopulator] Validating announcement04 ... PASS
INFO [acme.framework.utilities.DatabasePopulator] Validating employer1UserAccount ... PASS
INFO [acme.framework.utilities.DatabasePopulator] Validating employer1Employer ... PASS
INFO [acme.framework.utilities.DatabasePopulator] Validating employer1Authenticated ... PASS
INFO [acme.framework.utilities.DatabasePopulator] Validating employer2UserAccount ... PASS
INFO [acme.framework.utilities.DatabasePopulator] Validating employer2Employer ... PASS
INFO [acme.framework.utilities.DatabasePopulator] Validating employer2Authenticated ... PASS
INFO [acme.framework.utilities.DatabasePopulator] Validating worker1UserAccount ... PASS
INFO [acme.framework.utilities.DatabasePopulator] Validating worker1Employer ... PASS
INFO [acme.framework.utilities.DatabasePopulator] Validating worker1Authenticated ... PASS
INFO [acme.framework.utilities.DatabasePopulator] Validating job1 ... PASS
INFO [acme.framework.utilities.DatabasePopulator] Validating job2 ... PASS
INFO [acme.framework.utilities.DatabasePopulator] Validating job3 ... PASS
INFO [acme.framework.utilities.DatabasePopulator] Validating job4 ... PASS
INFO [acme.framework.utilities.DatabasePopulator] Validating application1 ... PASS
INFO [acme.framework.utilities.DatabasePopulator] Validating banner1 ... PASS
INFO [acme.framework.utilities.DatabasePopulator] Validating banner2 ... PASS
INFO [acme.framework.utilities.DatabasePopulator] Validating banner3 ... PASS
INFO [acme.framework.utilities.DatabasePopulator] Validating banner4 ... PASS
INFO [acme.framework.utilities.DatabasePopulator] Validating banner5 ... PASS
INFO [acme.framework.utilities.DatabasePopulator] Sorting your entities topologically.
INFO [acme.framework.utilities.DatabasePopulator] > Setting index 0 for shout01.
INFO [acme.framework.utilities.DatabasePopulator] > Setting index 1 for shout02.
INFO [acme.framework.utilities.DatabasePopulator] > Setting index 2 for shout03.
INFO [acme.framework.utilities.DatabasePopulator] > Setting index 3 for shout04.
INFO [acme.framework.utilities.DatabasePopulator] > Setting index 4 for announcement01.
INFO [acme.framework.utilities.DatabasePopulator] > Setting index 5 for announcement02.
INFO [acme.framework.utilities.DatabasePopulator] > Setting index 6 for announcement03.
INFO [acme.framework.utilities.DatabasePopulator] > Setting index 7 for announcement04.
INFO [acme.framework.utilities.DatabasePopulator] > Setting index 8 for employer1UserAccount.
INFO [acme.framework.utilities.DatabasePopulator] > Setting index 9 for employer1Employer.
INFO [acme.framework.utilities.DatabasePopulator] > Setting index 10 for employer1Authenticated.
INFO [acme.framework.utilities.DatabasePopulator] > Setting index 11 for employer2UserAccount.
INFO [acme.framework.utilities.DatabasePopulator] > Setting index 12 for employer2Employer.
INFO [acme.framework.utilities.DatabasePopulator] > Setting index 13 for employer2Authenticated.
INFO [acme.framework.utilities.DatabasePopulator] > Setting index 14 for worker1UserAccount.
INFO [acme.framework.utilities.DatabasePopulator] > Setting index 15 for worker1Employer.
INFO [acme.framework.utilities.DatabasePopulator] > Setting index 16 for worker1Authenticated.
INFO [acme.framework.utilities.DatabasePopulator] > Setting index 17 for job1.
INFO [acme.framework.utilities.DatabasePopulator] > Setting index 18 for job2.
INFO [acme.framework.utilities.DatabasePopulator] > Setting index 19 for job3.
INFO [acme.framework.utilities.DatabasePopulator] > Setting index 20 for job4.
INFO [acme.framework.utilities.DatabasePopulator] > Setting index 21 for application1.
INFO [acme.framework.utilities.DatabasePopulator] > Setting index 22 for banner1.
INFO [acme.framework.utilities.DatabasePopulator] > Setting index 23 for banner2.
INFO [acme.framework.utilities.DatabasePopulator] > Setting index 24 for banner3.
INFO [acme.framework.utilities.DatabasePopulator] > Setting index 25 for banner4.
INFO [acme.framework.utilities.DatabasePopulator] > Setting index 26 for banner5.
INFO [acme.framework.utilities.DatabasePopulator] Persiting your entities.
INFO [acme.framework.utilities.DatabasePopulator] > Persisting shout01 = acme.entities.shouts.Shout{id=6, version=0}
INFO [acme.framework.utilities.DatabasePopulator] > Persisting shout02 = acme.entities.shouts.Shout{id=7, version=0}
INFO [acme.framework.utilities.DatabasePopulator] > Persisting shout03 = acme.entities.shouts.Shout{id=8, version=0}
INFO [acme.framework.utilities.DatabasePopulator] > Persisting shout04 = acme.entities.shouts.Shout{id=9, version=0}
INFO [acme.framework.utilities.DatabasePopulator] > Persisting announcement01 = acme.entities.announcements.Announcement{id=10, version=0}
INFO [acme.framework.utilities.DatabasePopulator] > Persisting announcement02 = acme.entities.announcements.Announcement{id=11, version=0}
INFO [acme.framework.utilities.DatabasePopulator] > Persisting announcement03 = acme.entities.announcements.Announcement{id=12, version=0}
INFO [acme.framework.utilities.DatabasePopulator] > Persisting announcement04 = acme.entities.announcements.Announcement{id=13, version=0}
INFO [acme.framework.utilities.DatabasePopulator] > Persisting employer1UserAccount = acme.framework.entities.UserAccount{id=14, version=0}
INFO [acme.framework.utilities.DatabasePopulator] > Persisting employer1Employer = acme.entities.roles.Employer{id=15, version=0}
INFO [acme.framework.utilities.DatabasePopulator] > Persisting employer1Authenticated = acme.framework.entities.Authenticated{id=16, version=0}
INFO [acme.framework.utilities.DatabasePopulator] > Persisting employer2UserAccount = acme.framework.entities.UserAccount{id=17, version=0}
INFO [acme.framework.utilities.DatabasePopulator] > Persisting employer2Employer = acme.entities.roles.Employer{id=18, version=0}
INFO [acme.framework.utilities.DatabasePopulator] > Persisting employer2Authenticated = acme.framework.entities.Authenticated{id=19, version=0}
INFO [acme.framework.utilities.DatabasePopulator] > Persisting worker1UserAccount = acme.framework.entities.UserAccount{id=20, version=0}
INFO [acme.framework.utilities.DatabasePopulator] > Persisting worker1Employer = acme.entities.roles.Worker{id=21, version=0}
INFO [acme.framework.utilities.DatabasePopulator] > Persisting worker1Authenticated = acme.framework.entities.Authenticated{id=22, version=0}
INFO [acme.framework.utilities.DatabasePopulator] > Persisting job1 = acme.entities.jobs.Job{id=23, version=0}
INFO [acme.framework.utilities.DatabasePopulator] > Persisting job2 = acme.entities.jobs.Job{id=24, version=0}
INFO [acme.framework.utilities.DatabasePopulator] > Persisting job3 = acme.entities.jobs.Job{id=25, version=0}
INFO [acme.framework.utilities.DatabasePopulator] > Persisting job4 = acme.entities.jobs.Job{id=26, version=0}
INFO [acme.framework.utilities.DatabasePopulator] > Persisting application1 = acme.entities.jobs.Application{id=27, version=0}
INFO [acme.framework.utilities.DatabasePopulator] > Persisting banner1 = acme.entities.banners.Banner{id=28, version=0}
INFO [acme.framework.utilities.DatabasePopulator] > Persisting banner2 = acme.entities.banners.Banner{id=29, version=0}
INFO [acme.framework.utilities.DatabasePopulator] > Persisting banner3 = acme.entities.banners.Banner{id=30, version=0}
INFO [acme.framework.utilities.DatabasePopulator] > Persisting banner4 = acme.entities.banners.Banner{id=31, version=0}
INFO [acme.framework.utilities.DatabasePopulator] > Persisting banner5 = acme.entities.banners.Banner{id=32, version=0}
INFO [acme.framework.configuration.ShutdownConfiguration] The system is shutting down...
ERROR [org.apache.jsp.WEB_002dINF.views.framework.panic_jsp] HTTP GET /Acme-Jobs/WEB-INF/views/framework/page.jsp HTTP/1.1
ERROR [org.apache.jsp.WEB_002dINF.views.framework.panic_jsp] Status: 500
ERROR [org.apache.jsp.WEB_002dINF.views.framework.panic_jsp] Exception: acme.framework.helpers.Assert.state(Assert.java:45): End-point no disponible
ERROR [org.apache.jsp.WEB_002dINF.views.framework.panic_jsp] HTTP GET /Acme-Jobs/WEB-INF/views/framework/page.jsp HTTP/1.1
ERROR [org.apache.jsp.WEB_002dINF.views.framework.panic_jsp] Status: 500
ERROR [org.apache.jsp.WEB_002dINF.views.framework.panic_jsp] Exception: acme.framework.helpers.Assert.state(Assert.java:45): End-point not available
ERROR [org.apache.jsp.WEB_002dINF.views.framework.panic_jsp] HTTP GET /Acme-Jobs/WEB-INF/views/framework/page.jsp HTTP/1.1
ERROR [org.apache.jsp.WEB_002dINF.views.framework.panic_jsp] Status: 500
ERROR [org.apache.jsp.WEB_002dINF.views.framework.panic_jsp] Exception: acme.framework.helpers.Assert.state(Assert.java:45): End-point not available
ERROR [org.apache.jsp.WEB_002dINF.views.framework.panic_jsp] HTTP GET /Acme-Jobs/WEB-INF/views/framework/page.jsp HTTP/1.1
ERROR [org.apache.jsp.WEB_002dINF.views.framework.panic_jsp] Status: 500
ERROR [org.apache.jsp.WEB_002dINF.views.framework.panic_jsp] Exception: acme.framework.helpers.Assert.state(Assert.java:45): End-point not available
ERROR [org.apache.jsp.WEB_002dINF.views.framework.panic_jsp] HTTP GET /Acme-Jobs/WEB-INF/views/framework/page.jsp HTTP/1.1
ERROR [org.apache.jsp.WEB_002dINF.views.framework.panic_jsp] Status: 500
ERROR [org.apache.jsp.WEB_002dINF.views.framework.panic_jsp] Exception: acme.framework.helpers.Assert.state(Assert.java:45): End-point not available
WARN [com.zaxxer.hikari.pool.HikariPool] {} - Thread starvation or clock leap detected (housekeeper delta={}).
INFO [acme.Launcher] Starting Launcher using Java 1.8.0_221 on CAPONATA with PID 34908 (D:\Courses\D&T\20-21\Workspace-21.2\Starters\Acme-Jobs\target\classes started by corchu in D:\Courses\D&T\20-21\Workspace-21.2\Starters\Acme-Jobs)
INFO [acme.Launcher] The following profiles are active: development,populator
INFO [acme.Launcher] Started Launcher in 6.449 seconds (JVM running for 7.116)
INFO [acme.framework.utilities.DatabasePopulator] Populating sample data
INFO [acme.framework.utilities.DatabasePopulator] Recreating schema
INFO [acme.framework.utilities.DatabasePopulator] Populating entities from classpath:/WEB-INF/population/initial-data.xml
INFO [acme.framework.utilities.DatabasePopulator] Validating your entities.
INFO [acme.framework.utilities.DatabasePopulator] Validating anonymousUserAccount ... PASS
INFO [acme.framework.utilities.DatabasePopulator] Validating anonymousAnonymous ... PASS
INFO [acme.framework.utilities.DatabasePopulator] Validating administratorUserAccount ... PASS
INFO [acme.framework.utilities.DatabasePopulator] Validating administratorAdministrator ... PASS
INFO [acme.framework.utilities.DatabasePopulator] Validating administratorAuthenticated ... PASS
INFO [acme.framework.utilities.DatabasePopulator] Sorting your entities topologically.
INFO [acme.framework.utilities.DatabasePopulator] > Setting index 0 for anonymousUserAccount.
INFO [acme.framework.utilities.DatabasePopulator] > Setting index 1 for anonymousAnonymous.
INFO [acme.framework.utilities.DatabasePopulator] > Setting index 2 for administratorUserAccount.
INFO [acme.framework.utilities.DatabasePopulator] > Setting index 3 for administratorAdministrator.
INFO [acme.framework.utilities.DatabasePopulator] > Setting index 4 for administratorAuthenticated.
INFO [acme.framework.utilities.DatabasePopulator] Persiting your entities.
INFO [acme.framework.utilities.DatabasePopulator] > Persisting anonymousUserAccount = acme.framework.entities.UserAccount{id=1, version=0}
INFO [acme.framework.utilities.DatabasePopulator] > Persisting anonymousAnonymous = acme.framework.entities.Anonymous{id=2, version=0}
INFO [acme.framework.utilities.DatabasePopulator] > Persisting administratorUserAccount = acme.framework.entities.UserAccount{id=3, version=0}
INFO [acme.framework.utilities.DatabasePopulator] > Persisting administratorAdministrator = acme.framework.entities.Administrator{id=4, version=0}
INFO [acme.framework.utilities.DatabasePopulator] > Persisting administratorAuthenticated = acme.framework.entities.Authenticated{id=5, version=0}
INFO [acme.framework.utilities.DatabasePopulator] Populating entities from classpath:/WEB-INF/population/sample-data.xml
INFO [acme.framework.utilities.DatabasePopulator] Validating your entities.
INFO [acme.framework.utilities.DatabasePopulator] Validating shout01 ... PASS
INFO [acme.framework.utilities.DatabasePopulator] Validating shout02 ... PASS
INFO [acme.framework.utilities.DatabasePopulator] Validating shout03 ... PASS
INFO [acme.framework.utilities.DatabasePopulator] Validating shout04 ... PASS
INFO [acme.framework.utilities.DatabasePopulator] Validating announcement01 ... PASS
INFO [acme.framework.utilities.DatabasePopulator] Validating announcement02 ... PASS
INFO [acme.framework.utilities.DatabasePopulator] Validating announcement03 ... PASS
INFO [acme.framework.utilities.DatabasePopulator] Validating announcement04 ... PASS
INFO [acme.framework.utilities.DatabasePopulator] Validating announcement05 ... PASS
INFO [acme.framework.utilities.DatabasePopulator] Validating employer1UserAccount ... PASS
INFO [acme.framework.utilities.DatabasePopulator] Validating employer1Employer ... PASS
INFO [acme.framework.utilities.DatabasePopulator] Validating employer1Authenticated ... PASS
INFO [acme.framework.utilities.DatabasePopulator] Validating employer2UserAccount ... PASS
INFO [acme.framework.utilities.DatabasePopulator] Validating employer2Employer ... PASS
INFO [acme.framework.utilities.DatabasePopulator] Validating employer2Authenticated ... PASS
INFO [acme.framework.utilities.DatabasePopulator] Validating worker1UserAccount ... PASS
INFO [acme.framework.utilities.DatabasePopulator] Validating worker1Employer ... PASS
INFO [acme.framework.utilities.DatabasePopulator] Validating worker1Authenticated ... PASS
INFO [acme.framework.utilities.DatabasePopulator] Validating job1 ... PASS
INFO [acme.framework.utilities.DatabasePopulator] Validating job2 ... PASS
INFO [acme.framework.utilities.DatabasePopulator] Validating job3 ... PASS
INFO [acme.framework.utilities.DatabasePopulator] Validating job4 ... PASS
INFO [acme.framework.utilities.DatabasePopulator] Validating application1 ... PASS
INFO [acme.framework.utilities.DatabasePopulator] Validating banner1 ... PASS
INFO [acme.framework.utilities.DatabasePopulator] Validating banner2 ... PASS
INFO [acme.framework.utilities.DatabasePopulator] Validating banner3 ... PASS
INFO [acme.framework.utilities.DatabasePopulator] Validating banner4 ... PASS
INFO [acme.framework.utilities.DatabasePopulator] Validating banner5 ... PASS
INFO [acme.framework.utilities.DatabasePopulator] Sorting your entities topologically.
INFO [acme.framework.utilities.DatabasePopulator] > Setting index 0 for shout01.
INFO [acme.framework.utilities.DatabasePopulator] > Setting index 1 for shout02.
INFO [acme.framework.utilities.DatabasePopulator] > Setting index 2 for shout03.
INFO [acme.framework.utilities.DatabasePopulator] > Setting index 3 for shout04.
INFO [acme.framework.utilities.DatabasePopulator] > Setting index 4 for announcement01.
INFO [acme.framework.utilities.DatabasePopulator] > Setting index 5 for announcement02.
INFO [acme.framework.utilities.DatabasePopulator] > Setting index 6 for announcement03.
INFO [acme.framework.utilities.DatabasePopulator] > Setting index 7 for announcement04.
INFO [acme.framework.utilities.DatabasePopulator] > Setting index 8 for announcement05.
INFO [acme.framework.utilities.DatabasePopulator] > Setting index 9 for employer1UserAccount.
INFO [acme.framework.utilities.DatabasePopulator] > Setting index 10 for employer1Employer.
INFO [acme.framework.utilities.DatabasePopulator] > Setting index 11 for employer1Authenticated.
INFO [acme.framework.utilities.DatabasePopulator] > Setting index 12 for employer2UserAccount.
INFO [acme.framework.utilities.DatabasePopulator] > Setting index 13 for employer2Employer.
INFO [acme.framework.utilities.DatabasePopulator] > Setting index 14 for employer2Authenticated.
INFO [acme.framework.utilities.DatabasePopulator] > Setting index 15 for worker1UserAccount.
INFO [acme.framework.utilities.DatabasePopulator] > Setting index 16 for worker1Employer.
INFO [acme.framework.utilities.DatabasePopulator] > Setting index 17 for worker1Authenticated.
INFO [acme.framework.utilities.DatabasePopulator] > Setting index 18 for job1.
INFO [acme.framework.utilities.DatabasePopulator] > Setting index 19 for job2.
INFO [acme.framework.utilities.DatabasePopulator] > Setting index 20 for job3.
INFO [acme.framework.utilities.DatabasePopulator] > Setting index 21 for job4.
INFO [acme.framework.utilities.DatabasePopulator] > Setting index 22 for application1.
INFO [acme.framework.utilities.DatabasePopulator] > Setting index 23 for banner1.
INFO [acme.framework.utilities.DatabasePopulator] > Setting index 24 for banner2.
INFO [acme.framework.utilities.DatabasePopulator] > Setting index 25 for banner3.
INFO [acme.framework.utilities.DatabasePopulator] > Setting index 26 for banner4.
INFO [acme.framework.utilities.DatabasePopulator] > Setting index 27 for banner5.
INFO [acme.framework.utilities.DatabasePopulator] Persiting your entities.
INFO [acme.framework.utilities.DatabasePopulator] > Persisting shout01 = acme.entities.shouts.Shout{id=6, version=0}
INFO [acme.framework.utilities.DatabasePopulator] > Persisting shout02 = acme.entities.shouts.Shout{id=7, version=0}
INFO [acme.framework.utilities.DatabasePopulator] > Persisting shout03 = acme.entities.shouts.Shout{id=8, version=0}
INFO [acme.framework.utilities.DatabasePopulator] > Persisting shout04 = acme.entities.shouts.Shout{id=9, version=0}
INFO [acme.framework.utilities.DatabasePopulator] > Persisting announcement01 = acme.entities.announcements.Announcement{id=10, version=0}
INFO [acme.framework.utilities.DatabasePopulator] > Persisting announcement02 = acme.entities.announcements.Announcement{id=11, version=0}
INFO [acme.framework.utilities.DatabasePopulator] > Persisting announcement03 = acme.entities.announcements.Announcement{id=12, version=0}
INFO [acme.framework.utilities.DatabasePopulator] > Persisting announcement04 = acme.entities.announcements.Announcement{id=13, version=0}
INFO [acme.framework.utilities.DatabasePopulator] > Persisting announcement05 = acme.entities.announcements.Announcement{id=14, version=0}
INFO [acme.framework.utilities.DatabasePopulator] > Persisting employer1UserAccount = acme.framework.entities.UserAccount{id=15, version=0}
INFO [acme.framework.utilities.DatabasePopulator] > Persisting employer1Employer = acme.entities.roles.Employer{id=16, version=0}
INFO [acme.framework.utilities.DatabasePopulator] > Persisting employer1Authenticated = acme.framework.entities.Authenticated{id=17, version=0}
INFO [acme.framework.utilities.DatabasePopulator] > Persisting employer2UserAccount = acme.framework.entities.UserAccount{id=18, version=0}
INFO [acme.framework.utilities.DatabasePopulator] > Persisting employer2Employer = acme.entities.roles.Employer{id=19, version=0}
INFO [acme.framework.utilities.DatabasePopulator] > Persisting employer2Authenticated = acme.framework.entities.Authenticated{id=20, version=0}
INFO [acme.framework.utilities.DatabasePopulator] > Persisting worker1UserAccount = acme.framework.entities.UserAccount{id=21, version=0}
INFO [acme.framework.utilities.DatabasePopulator] > Persisting worker1Employer = acme.entities.roles.Worker{id=22, version=0}
INFO [acme.framework.utilities.DatabasePopulator] > Persisting worker1Authenticated = acme.framework.entities.Authenticated{id=23, version=0}
INFO [acme.framework.utilities.DatabasePopulator] > Persisting job1 = acme.entities.jobs.Job{id=24, version=0}
INFO [acme.framework.utilities.DatabasePopulator] > Persisting job2 = acme.entities.jobs.Job{id=25, version=0}
INFO [acme.framework.utilities.DatabasePopulator] > Persisting job3 = acme.entities.jobs.Job{id=26, version=0}
INFO [acme.framework.utilities.DatabasePopulator] > Persisting job4 = acme.entities.jobs.Job{id=27, version=0}
INFO [acme.framework.utilities.DatabasePopulator] > Persisting application1 = acme.entities.jobs.Application{id=28, version=0}
INFO [acme.framework.utilities.DatabasePopulator] > Persisting banner1 = acme.entities.banners.Banner{id=29, version=0}
INFO [acme.framework.utilities.DatabasePopulator] > Persisting banner2 = acme.entities.banners.Banner{id=30, version=0}
INFO [acme.framework.utilities.DatabasePopulator] > Persisting banner3 = acme.entities.banners.Banner{id=31, version=0}
INFO [acme.framework.utilities.DatabasePopulator] > Persisting banner4 = acme.entities.banners.Banner{id=32, version=0}
INFO [acme.framework.utilities.DatabasePopulator] > Persisting banner5 = acme.entities.banners.Banner{id=33, version=0}
INFO [acme.framework.configuration.ShutdownConfiguration] The system is shutting down...
ERROR [org.apache.jsp.WEB_002dINF.views.framework.panic_jsp] HTTP GET /Acme-Jobs/WEB-INF/views/framework/page.jsp HTTP/1.1
ERROR [org.apache.jsp.WEB_002dINF.views.framework.panic_jsp] Status: 500
ERROR [org.apache.jsp.WEB_002dINF.views.framework.panic_jsp] Exception: acme.framework.helpers.Assert.state(Assert.java:45): End-point not available
INFO [acme.Launcher] Starting Launcher using Java 1.8.0_221 on CAPONATA with PID 34140 (D:\Courses\D&T\20-21\Workspace-21.2\Starters\Acme-Jobs\target\classes started by corchu in D:\Courses\D&T\20-21\Workspace-21.2\Starters\Acme-Jobs)
INFO [acme.Launcher] The following profiles are active: development,populator
INFO [acme.Launcher] Started Launcher in 6.495 seconds (JVM running for 7.187)
INFO [acme.framework.utilities.DatabasePopulator] Populating sample data
INFO [acme.framework.utilities.DatabasePopulator] Recreating schema
INFO [acme.framework.utilities.DatabasePopulator] Populating entities from classpath:/WEB-INF/population/initial-data.xml
INFO [acme.framework.utilities.DatabasePopulator] Validating your entities.
INFO [acme.framework.utilities.DatabasePopulator] Validating anonymousUserAccount ... PASS
INFO [acme.framework.utilities.DatabasePopulator] Validating anonymousAnonymous ... PASS
INFO [acme.framework.utilities.DatabasePopulator] Validating administratorUserAccount ... PASS
INFO [acme.framework.utilities.DatabasePopulator] Validating administratorAdministrator ... PASS
INFO [acme.framework.utilities.DatabasePopulator] Validating administratorAuthenticated ... PASS
INFO [acme.framework.utilities.DatabasePopulator] Sorting your entities topologically.
INFO [acme.framework.utilities.DatabasePopulator] > Setting index 0 for anonymousUserAccount.
INFO [acme.framework.utilities.DatabasePopulator] > Setting index 1 for anonymousAnonymous.
INFO [acme.framework.utilities.DatabasePopulator] > Setting index 2 for administratorUserAccount.
INFO [acme.framework.utilities.DatabasePopulator] > Setting index 3 for administratorAdministrator.
INFO [acme.framework.utilities.DatabasePopulator] > Setting index 4 for administratorAuthenticated.
INFO [acme.framework.utilities.DatabasePopulator] Persiting your entities.
INFO [acme.framework.utilities.DatabasePopulator] > Persisting anonymousUserAccount = acme.framework.entities.UserAccount{id=1, version=0}
INFO [acme.framework.utilities.DatabasePopulator] > Persisting anonymousAnonymous = acme.framework.entities.Anonymous{id=2, version=0}
INFO [acme.framework.utilities.DatabasePopulator] > Persisting administratorUserAccount = acme.framework.entities.UserAccount{id=3, version=0}
INFO [acme.framework.utilities.DatabasePopulator] > Persisting administratorAdministrator = acme.framework.entities.Administrator{id=4, version=0}
INFO [acme.framework.utilities.DatabasePopulator] > Persisting administratorAuthenticated = acme.framework.entities.Authenticated{id=5, version=0}
INFO [acme.framework.utilities.DatabasePopulator] Populating entities from classpath:/WEB-INF/population/sample-data.xml
INFO [acme.framework.utilities.DatabasePopulator] Validating your entities.
INFO [acme.framework.utilities.DatabasePopulator] Validating shout01 ... PASS
INFO [acme.framework.utilities.DatabasePopulator] Validating shout02 ... PASS
INFO [acme.framework.utilities.DatabasePopulator] Validating shout03 ... PASS
INFO [acme.framework.utilities.DatabasePopulator] Validating shout04 ... PASS
INFO [acme.framework.utilities.DatabasePopulator] Validating announcement01 ... PASS
INFO [acme.framework.utilities.DatabasePopulator] Validating announcement02 ... PASS
INFO [acme.framework.utilities.DatabasePopulator] Validating announcement03 ... PASS
INFO [acme.framework.utilities.DatabasePopulator] Validating announcement04 ... PASS
INFO [acme.framework.utilities.DatabasePopulator] Validating announcement05 ... PASS
INFO [acme.framework.utilities.DatabasePopulator] Validating announcement06 ... PASS
INFO [acme.framework.utilities.DatabasePopulator] Validating employer1UserAccount ... PASS
INFO [acme.framework.utilities.DatabasePopulator] Validating employer1Employer ... PASS
INFO [acme.framework.utilities.DatabasePopulator] Validating employer1Authenticated ... PASS
INFO [acme.framework.utilities.DatabasePopulator] Validating employer2UserAccount ... PASS
INFO [acme.framework.utilities.DatabasePopulator] Validating employer2Employer ... PASS
INFO [acme.framework.utilities.DatabasePopulator] Validating employer2Authenticated ... PASS
INFO [acme.framework.utilities.DatabasePopulator] Validating worker1UserAccount ... PASS
INFO [acme.framework.utilities.DatabasePopulator] Validating worker1Employer ... PASS
INFO [acme.framework.utilities.DatabasePopulator] Validating worker1Authenticated ... PASS
INFO [acme.framework.utilities.DatabasePopulator] Validating job1 ... PASS
INFO [acme.framework.utilities.DatabasePopulator] Validating job2 ... PASS
INFO [acme.framework.utilities.DatabasePopulator] Validating job3 ... PASS
INFO [acme.framework.utilities.DatabasePopulator] Validating job4 ... PASS
INFO [acme.framework.utilities.DatabasePopulator] Validating application1 ... PASS
INFO [acme.framework.utilities.DatabasePopulator] Validating banner1 ... PASS
INFO [acme.framework.utilities.DatabasePopulator] Validating banner2 ... PASS
INFO [acme.framework.utilities.DatabasePopulator] Validating banner3 ... PASS
INFO [acme.framework.utilities.DatabasePopulator] Validating banner4 ... PASS
INFO [acme.framework.utilities.DatabasePopulator] Validating banner5 ... PASS
INFO [acme.framework.utilities.DatabasePopulator] Sorting your entities topologically.
INFO [acme.framework.utilities.DatabasePopulator] > Setting index 0 for shout01.
INFO [acme.framework.utilities.DatabasePopulator] > Setting index 1 for shout02.
INFO [acme.framework.utilities.DatabasePopulator] > Setting index 2 for shout03.
INFO [acme.framework.utilities.DatabasePopulator] > Setting index 3 for shout04.
INFO [acme.framework.utilities.DatabasePopulator] > Setting index 4 for announcement01.
INFO [acme.framework.utilities.DatabasePopulator] > Setting index 5 for announcement02.
INFO [acme.framework.utilities.DatabasePopulator] > Setting index 6 for announcement03.
INFO [acme.framework.utilities.DatabasePopulator] > Setting index 7 for announcement04.
INFO [acme.framework.utilities.DatabasePopulator] > Setting index 8 for announcement05.
INFO [acme.framework.utilities.DatabasePopulator] > Setting index 9 for announcement06.
INFO [acme.framework.utilities.DatabasePopulator] > Setting index 10 for employer1UserAccount.
INFO [acme.framework.utilities.DatabasePopulator] > Setting index 11 for employer1Employer.
INFO [acme.framework.utilities.DatabasePopulator] > Setting index 12 for employer1Authenticated.
INFO [acme.framework.utilities.DatabasePopulator] > Setting index 13 for employer2UserAccount.
INFO [acme.framework.utilities.DatabasePopulator] > Setting index 14 for employer2Employer.
INFO [acme.framework.utilities.DatabasePopulator] > Setting index 15 for employer2Authenticated.
INFO [acme.framework.utilities.DatabasePopulator] > Setting index 16 for worker1UserAccount.
INFO [acme.framework.utilities.DatabasePopulator] > Setting index 17 for worker1Employer.
INFO [acme.framework.utilities.DatabasePopulator] > Setting index 18 for worker1Authenticated.
INFO [acme.framework.utilities.DatabasePopulator] > Setting index 19 for job1.
INFO [acme.framework.utilities.DatabasePopulator] > Setting index 20 for job2.
INFO [acme.framework.utilities.DatabasePopulator] > Setting index 21 for job3.
INFO [acme.framework.utilities.DatabasePopulator] > Setting index 22 for job4.
INFO [acme.framework.utilities.DatabasePopulator] > Setting index 23 for application1.
INFO [acme.framework.utilities.DatabasePopulator] > Setting index 24 for banner1.
INFO [acme.framework.utilities.DatabasePopulator] > Setting index 25 for banner2.
INFO [acme.framework.utilities.DatabasePopulator] > Setting index 26 for banner3.
INFO [acme.framework.utilities.DatabasePopulator] > Setting index 27 for banner4.
INFO [acme.framework.utilities.DatabasePopulator] > Setting index 28 for banner5.
INFO [acme.framework.utilities.DatabasePopulator] Persiting your entities.
INFO [acme.framework.utilities.DatabasePopulator] > Persisting shout01 = acme.entities.shouts.Shout{id=6, version=0}
INFO [acme.framework.utilities.DatabasePopulator] > Persisting shout02 = acme.entities.shouts.Shout{id=7, version=0}
INFO [acme.framework.utilities.DatabasePopulator] > Persisting shout03 = acme.entities.shouts.Shout{id=8, version=0}
INFO [acme.framework.utilities.DatabasePopulator] > Persisting shout04 = acme.entities.shouts.Shout{id=9, version=0}
INFO [acme.framework.utilities.DatabasePopulator] > Persisting announcement01 = acme.entities.announcements.Announcement{id=10, version=0}
INFO [acme.framework.utilities.DatabasePopulator] > Persisting announcement02 = acme.entities.announcements.Announcement{id=11, version=0}
INFO [acme.framework.utilities.DatabasePopulator] > Persisting announcement03 = acme.entities.announcements.Announcement{id=12, version=0}
INFO [acme.framework.utilities.DatabasePopulator] > Persisting announcement04 = acme.entities.announcements.Announcement{id=13, version=0}
INFO [acme.framework.utilities.DatabasePopulator] > Persisting announcement05 = acme.entities.announcements.Announcement{id=14, version=0}
INFO [acme.framework.utilities.DatabasePopulator] > Persisting announcement06 = acme.entities.announcements.Announcement{id=15, version=0}
INFO [acme.framework.utilities.DatabasePopulator] > Persisting employer1UserAccount = acme.framework.entities.UserAccount{id=16, version=0}
INFO [acme.framework.utilities.DatabasePopulator] > Persisting employer1Employer = acme.entities.roles.Employer{id=17, version=0}
INFO [acme.framework.utilities.DatabasePopulator] > Persisting employer1Authenticated = acme.framework.entities.Authenticated{id=18, version=0}
INFO [acme.framework.utilities.DatabasePopulator] > Persisting employer2UserAccount = acme.framework.entities.UserAccount{id=19, version=0}
INFO [acme.framework.utilities.DatabasePopulator] > Persisting employer2Employer = acme.entities.roles.Employer{id=20, version=0}
INFO [acme.framework.utilities.DatabasePopulator] > Persisting employer2Authenticated = acme.framework.entities.Authenticated{id=21, version=0}
INFO [acme.framework.utilities.DatabasePopulator] > Persisting worker1UserAccount = acme.framework.entities.UserAccount{id=22, version=0}
INFO [acme.framework.utilities.DatabasePopulator] > Persisting worker1Employer = acme.entities.roles.Worker{id=23, version=0}
INFO [acme.framework.utilities.DatabasePopulator] > Persisting worker1Authenticated = acme.framework.entities.Authenticated{id=24, version=0}
INFO [acme.framework.utilities.DatabasePopulator] > Persisting job1 = acme.entities.jobs.Job{id=25, version=0}
INFO [acme.framework.utilities.DatabasePopulator] > Persisting job2 = acme.entities.jobs.Job{id=26, version=0}
INFO [acme.framework.utilities.DatabasePopulator] > Persisting job3 = acme.entities.jobs.Job{id=27, version=0}
INFO [acme.framework.utilities.DatabasePopulator] > Persisting job4 = acme.entities.jobs.Job{id=28, version=0}
INFO [acme.framework.utilities.DatabasePopulator] > Persisting application1 = acme.entities.jobs.Application{id=29, version=0}
INFO [acme.framework.utilities.DatabasePopulator] > Persisting banner1 = acme.entities.banners.Banner{id=30, version=0}
INFO [acme.framework.utilities.DatabasePopulator] > Persisting banner2 = acme.entities.banners.Banner{id=31, version=0}
INFO [acme.framework.utilities.DatabasePopulator] > Persisting banner3 = acme.entities.banners.Banner{id=32, version=0}
INFO [acme.framework.utilities.DatabasePopulator] > Persisting banner4 = acme.entities.banners.Banner{id=33, version=0}
INFO [acme.framework.utilities.DatabasePopulator] > Persisting banner5 = acme.entities.banners.Banner{id=34, version=0}
INFO [acme.framework.configuration.ShutdownConfiguration] The system is shutting down...
WARN [com.zaxxer.hikari.pool.HikariPool] {} - Thread starvation or clock leap detected (housekeeper delta={}).
WARN [com.zaxxer.hikari.pool.HikariPool] {} - Thread starvation or clock leap detected (housekeeper delta={}).
INFO [acme.Launcher] Starting Launcher using Java 1.8.0_221 on CAPONATA with PID 8628 (D:\Courses\D&T\20-21\Workspace-21.2\Starters\Acme-Jobs\target\classes started by corchu in D:\Courses\D&T\20-21\Workspace-21.2\Starters\Acme-Jobs)
INFO [acme.Launcher] The following profiles are active: development,populator
INFO [acme.Launcher] Started Launcher in 5.815 seconds (JVM running for 6.46)
INFO [acme.framework.utilities.DatabasePopulator] Populating sample data
INFO [acme.framework.utilities.DatabasePopulator] Recreating schema
INFO [acme.framework.utilities.DatabasePopulator] Populating entities from classpath:/WEB-INF/population/initial-data.xml
INFO [acme.framework.utilities.DatabasePopulator] Validating your entities.
INFO [acme.framework.utilities.DatabasePopulator] Validating anonymousUserAccount ... PASS
INFO [acme.framework.utilities.DatabasePopulator] Validating anonymousAnonymous ... PASS
INFO [acme.framework.utilities.DatabasePopulator] Validating administratorUserAccount ... PASS
INFO [acme.framework.utilities.DatabasePopulator] Validating administratorAdministrator ... PASS
INFO [acme.framework.utilities.DatabasePopulator] Validating administratorAuthenticated ... PASS
INFO [acme.framework.utilities.DatabasePopulator] Sorting your entities topologically.
INFO [acme.framework.utilities.DatabasePopulator] > Setting index 0 for anonymousUserAccount.
INFO [acme.framework.utilities.DatabasePopulator] > Setting index 1 for anonymousAnonymous.
INFO [acme.framework.utilities.DatabasePopulator] > Setting index 2 for administratorUserAccount.
INFO [acme.framework.utilities.DatabasePopulator] > Setting index 3 for administratorAdministrator.
INFO [acme.framework.utilities.DatabasePopulator] > Setting index 4 for administratorAuthenticated.
INFO [acme.framework.utilities.DatabasePopulator] Persiting your entities.
INFO [acme.framework.utilities.DatabasePopulator] > Persisting anonymousUserAccount = acme.framework.entities.UserAccount{id=1, version=0}
INFO [acme.framework.utilities.DatabasePopulator] > Persisting anonymousAnonymous = acme.framework.entities.Anonymous{id=2, version=0}
INFO [acme.framework.utilities.DatabasePopulator] > Persisting administratorUserAccount = acme.framework.entities.UserAccount{id=3, version=0}
INFO [acme.framework.utilities.DatabasePopulator] > Persisting administratorAdministrator = acme.framework.entities.Administrator{id=4, version=0}
INFO [acme.framework.utilities.DatabasePopulator] > Persisting administratorAuthenticated = acme.framework.entities.Authenticated{id=5, version=0}
INFO [acme.framework.utilities.DatabasePopulator] Populating entities from classpath:/WEB-INF/population/sample-data.xml
INFO [acme.framework.utilities.DatabasePopulator] Validating your entities.
INFO [acme.framework.utilities.DatabasePopulator] Validating shout01 ... PASS
INFO [acme.framework.utilities.DatabasePopulator] Validating shout02 ... PASS
INFO [acme.framework.utilities.DatabasePopulator] Validating shout03 ... PASS
INFO [acme.framework.utilities.DatabasePopulator] Validating shout04 ... PASS
INFO [acme.framework.utilities.DatabasePopulator] Validating announcement01 ... PASS
INFO [acme.framework.utilities.DatabasePopulator] Validating announcement02 ... PASS
INFO [acme.framework.utilities.DatabasePopulator] Validating announcement03 ... PASS
INFO [acme.framework.utilities.DatabasePopulator] Validating announcement04 ... PASS
INFO [acme.framework.utilities.DatabasePopulator] Validating announcement05 ... PASS
INFO [acme.framework.utilities.DatabasePopulator] Validating announcement06 ... PASS
INFO [acme.framework.utilities.DatabasePopulator] Validating employer1UserAccount ... PASS
INFO [acme.framework.utilities.DatabasePopulator] Validating employer1Employer ... PASS
INFO [acme.framework.utilities.DatabasePopulator] Validating employer1Authenticated ... PASS
INFO [acme.framework.utilities.DatabasePopulator] Validating employer2UserAccount ... PASS
INFO [acme.framework.utilities.DatabasePopulator] Validating employer2Employer ... PASS
INFO [acme.framework.utilities.DatabasePopulator] Validating employer2Authenticated ... PASS
INFO [acme.framework.utilities.DatabasePopulator] Validating worker1UserAccount ... PASS
INFO [acme.framework.utilities.DatabasePopulator] Validating worker1Employer ... PASS
INFO [acme.framework.utilities.DatabasePopulator] Validating worker1Authenticated ... PASS
INFO [acme.framework.utilities.DatabasePopulator] Validating job1 ... PASS
INFO [acme.framework.utilities.DatabasePopulator] Validating job2 ... PASS
INFO [acme.framework.utilities.DatabasePopulator] Validating job3 ... PASS
INFO [acme.framework.utilities.DatabasePopulator] Validating job4 ... PASS
INFO [acme.framework.utilities.DatabasePopulator] Validating application1 ... PASS
INFO [acme.framework.utilities.DatabasePopulator] Validating banner1 ... PASS
INFO [acme.framework.utilities.DatabasePopulator] Validating banner2 ... PASS
INFO [acme.framework.utilities.DatabasePopulator] Validating banner3 ... PASS
INFO [acme.framework.utilities.DatabasePopulator] Validating banner4 ... PASS
INFO [acme.framework.utilities.DatabasePopulator] Validating banner5 ... PASS
INFO [acme.framework.utilities.DatabasePopulator] Sorting your entities topologically.
INFO [acme.framework.utilities.DatabasePopulator] > Setting index 0 for shout01.
INFO [acme.framework.utilities.DatabasePopulator] > Setting index 1 for shout02.
INFO [acme.framework.utilities.DatabasePopulator] > Setting index 2 for shout03.
INFO [acme.framework.utilities.DatabasePopulator] > Setting index 3 for shout04.
INFO [acme.framework.utilities.DatabasePopulator] > Setting index 4 for announcement01.
INFO [acme.framework.utilities.DatabasePopulator] > Setting index 5 for announcement02.
INFO [acme.framework.utilities.DatabasePopulator] > Setting index 6 for announcement03.
INFO [acme.framework.utilities.DatabasePopulator] > Setting index 7 for announcement04.
INFO [acme.framework.utilities.DatabasePopulator] > Setting index 8 for announcement05.
INFO [acme.framework.utilities.DatabasePopulator] > Setting index 9 for announcement06.
INFO [acme.framework.utilities.DatabasePopulator] > Setting index 10 for employer1UserAccount.
INFO [acme.framework.utilities.DatabasePopulator] > Setting index 11 for employer1Employer.
INFO [acme.framework.utilities.DatabasePopulator] > Setting index 12 for employer1Authenticated.
INFO [acme.framework.utilities.DatabasePopulator] > Setting index 13 for employer2UserAccount.
INFO [acme.framework.utilities.DatabasePopulator] > Setting index 14 for employer2Employer.
INFO [acme.framework.utilities.DatabasePopulator] > Setting index 15 for employer2Authenticated.
INFO [acme.framework.utilities.DatabasePopulator] > Setting index 16 for worker1UserAccount.
INFO [acme.framework.utilities.DatabasePopulator] > Setting index 17 for worker1Employer.
INFO [acme.framework.utilities.DatabasePopulator] > Setting index 18 for worker1Authenticated.
INFO [acme.framework.utilities.DatabasePopulator] > Setting index 19 for job1.
INFO [acme.framework.utilities.DatabasePopulator] > Setting index 20 for job2.
INFO [acme.framework.utilities.DatabasePopulator] > Setting index 21 for job3.
INFO [acme.framework.utilities.DatabasePopulator] > Setting index 22 for job4.
INFO [acme.framework.utilities.DatabasePopulator] > Setting index 23 for application1.
INFO [acme.framework.utilities.DatabasePopulator] > Setting index 24 for banner1.
INFO [acme.framework.utilities.DatabasePopulator] > Setting index 25 for banner2.
INFO [acme.framework.utilities.DatabasePopulator] > Setting index 26 for banner3.
INFO [acme.framework.utilities.DatabasePopulator] > Setting index 27 for banner4.
INFO [acme.framework.utilities.DatabasePopulator] > Setting index 28 for banner5.
INFO [acme.framework.utilities.DatabasePopulator] Persiting your entities.
INFO [acme.framework.utilities.DatabasePopulator] > Persisting shout01 = acme.entities.shouts.Shout{id=6, version=0}
INFO [acme.framework.utilities.DatabasePopulator] > Persisting shout02 = acme.entities.shouts.Shout{id=7, version=0}
INFO [acme.framework.utilities.DatabasePopulator] > Persisting shout03 = acme.entities.shouts.Shout{id=8, version=0}
INFO [acme.framework.utilities.DatabasePopulator] > Persisting shout04 = acme.entities.shouts.Shout{id=9, version=0}
INFO [acme.framework.utilities.DatabasePopulator] > Persisting announcement01 = acme.entities.announcements.Announcement{id=10, version=0}
INFO [acme.framework.utilities.DatabasePopulator] > Persisting announcement02 = acme.entities.announcements.Announcement{id=11, version=0}
INFO [acme.framework.utilities.DatabasePopulator] > Persisting announcement03 = acme.entities.announcements.Announcement{id=12, version=0}
INFO [acme.framework.utilities.DatabasePopulator] > Persisting announcement04 = acme.entities.announcements.Announcement{id=13, version=0}
INFO [acme.framework.utilities.DatabasePopulator] > Persisting announcement05 = acme.entities.announcements.Announcement{id=14, version=0}
INFO [acme.framework.utilities.DatabasePopulator] > Persisting announcement06 = acme.entities.announcements.Announcement{id=15, version=0}
INFO [acme.framework.utilities.DatabasePopulator] > Persisting employer1UserAccount = acme.framework.entities.UserAccount{id=16, version=0}
INFO [acme.framework.utilities.DatabasePopulator] > Persisting employer1Employer = acme.entities.roles.Employer{id=17, version=0}
INFO [acme.framework.utilities.DatabasePopulator] > Persisting employer1Authenticated = acme.framework.entities.Authenticated{id=18, version=0}
INFO [acme.framework.utilities.DatabasePopulator] > Persisting employer2UserAccount = acme.framework.entities.UserAccount{id=19, version=0}
INFO [acme.framework.utilities.DatabasePopulator] > Persisting employer2Employer = acme.entities.roles.Employer{id=20, version=0}
INFO [acme.framework.utilities.DatabasePopulator] > Persisting employer2Authenticated = acme.framework.entities.Authenticated{id=21, version=0}
INFO [acme.framework.utilities.DatabasePopulator] > Persisting worker1UserAccount = acme.framework.entities.UserAccount{id=22, version=0}
INFO [acme.framework.utilities.DatabasePopulator] > Persisting worker1Employer = acme.entities.roles.Worker{id=23, version=0}
INFO [acme.framework.utilities.DatabasePopulator] > Persisting worker1Authenticated = acme.framework.entities.Authenticated{id=24, version=0}
INFO [acme.framework.utilities.DatabasePopulator] > Persisting job1 = acme.entities.jobs.Job{id=25, version=0}
INFO [acme.framework.utilities.DatabasePopulator] > Persisting job2 = acme.entities.jobs.Job{id=26, version=0}
INFO [acme.framework.utilities.DatabasePopulator] > Persisting job3 = acme.entities.jobs.Job{id=27, version=0}
INFO [acme.framework.utilities.DatabasePopulator] > Persisting job4 = acme.entities.jobs.Job{id=28, version=0}
INFO [acme.framework.utilities.DatabasePopulator] > Persisting application1 = acme.entities.jobs.Application{id=29, version=0}
INFO [acme.framework.utilities.DatabasePopulator] > Persisting banner1 = acme.entities.banners.Banner{id=30, version=0}
INFO [acme.framework.utilities.DatabasePopulator] > Persisting banner2 = acme.entities.banners.Banner{id=31, version=0}
INFO [acme.framework.utilities.DatabasePopulator] > Persisting banner3 = acme.entities.banners.Banner{id=32, version=0}
INFO [acme.framework.utilities.DatabasePopulator] > Persisting banner4 = acme.entities.banners.Banner{id=33, version=0}
INFO [acme.framework.utilities.DatabasePopulator] > Persisting banner5 = acme.entities.banners.Banner{id=34, version=0}
INFO [acme.framework.configuration.ShutdownConfiguration] The system is shutting down...
WARN [org.hibernate.orm.connections.pooling] HHH10001002: Using Hibernate built-in connection pool (not for production use!)
WARN [org.hibernate.orm.connections.pooling] HHH10001002: Using Hibernate built-in connection pool (not for production use!)
ERROR [org.apache.jsp.WEB_002dINF.views.framework.panic_jsp] HTTP GET /Acme-Jobs/WEB-INF/views/framework/page.jsp HTTP/1.1
ERROR [org.apache.jsp.WEB_002dINF.views.framework.panic_jsp] Status: 500
ERROR [org.apache.jsp.WEB_002dINF.views.framework.panic_jsp] Exception: acme.framework.helpers.Assert.state(Assert.java:45): Access is not authorised
WARN [com.zaxxer.hikari.pool.HikariPool] {} - Thread starvation or clock leap detected (housekeeper delta={}).
INFO [acme.Launcher] Starting Launcher using Java 1.8.0_221 on CAPONATA with PID 1624 (D:\Courses\D&T\20-21\Workspace-21.2\Starters\Acme-Jobs\target\classes started by corchu in D:\Courses\D&T\20-21\Workspace-21.2\Starters\Acme-Jobs)
INFO [acme.Launcher] The following profiles are active: development,populator
INFO [acme.Launcher] Started Launcher in 8.462 seconds (JVM running for 9.658)
INFO [acme.framework.utilities.DatabasePopulator] Populating sample data
INFO [acme.framework.utilities.DatabasePopulator] Recreating schema
INFO [acme.framework.utilities.DatabasePopulator] Populating entities from classpath:/WEB-INF/population/initial-data.xml
INFO [acme.framework.utilities.DatabasePopulator] Validating your entities.
INFO [acme.framework.utilities.DatabasePopulator] Validating anonymousUserAccount ... PASS
INFO [acme.framework.utilities.DatabasePopulator] Validating anonymousAnonymous ... PASS
INFO [acme.framework.utilities.DatabasePopulator] Validating administratorUserAccount ... PASS
INFO [acme.framework.utilities.DatabasePopulator] Validating administratorAdministrator ... PASS
INFO [acme.framework.utilities.DatabasePopulator] Validating administratorAuthenticated ... PASS
INFO [acme.framework.utilities.DatabasePopulator] Sorting your entities topologically.
INFO [acme.framework.utilities.DatabasePopulator] > Setting index 0 for anonymousUserAccount.
INFO [acme.framework.utilities.DatabasePopulator] > Setting index 1 for anonymousAnonymous.
INFO [acme.framework.utilities.DatabasePopulator] > Setting index 2 for administratorUserAccount.
INFO [acme.framework.utilities.DatabasePopulator] > Setting index 3 for administratorAdministrator.
INFO [acme.framework.utilities.DatabasePopulator] > Setting index 4 for administratorAuthenticated.
INFO [acme.framework.utilities.DatabasePopulator] Persiting your entities.
INFO [acme.framework.utilities.DatabasePopulator] > Persisting anonymousUserAccount = acme.framework.entities.UserAccount{id=1, version=0}
INFO [acme.framework.utilities.DatabasePopulator] > Persisting anonymousAnonymous = acme.framework.entities.Anonymous{id=2, version=0}
INFO [acme.framework.utilities.DatabasePopulator] > Persisting administratorUserAccount = acme.framework.entities.UserAccount{id=3, version=0}
INFO [acme.framework.utilities.DatabasePopulator] > Persisting administratorAdministrator = acme.framework.entities.Administrator{id=4, version=0}
INFO [acme.framework.utilities.DatabasePopulator] > Persisting administratorAuthenticated = acme.framework.entities.Authenticated{id=5, version=0}
INFO [acme.framework.utilities.DatabasePopulator] Populating entities from classpath:/WEB-INF/population/sample-data.xml
INFO [acme.framework.utilities.DatabasePopulator] Validating your entities.
INFO [acme.framework.utilities.DatabasePopulator] Validating shout01 ... PASS
INFO [acme.framework.utilities.DatabasePopulator] Validating shout02 ... PASS
INFO [acme.framework.utilities.DatabasePopulator] Validating shout03 ... PASS
INFO [acme.framework.utilities.DatabasePopulator] Validating shout04 ... PASS
INFO [acme.framework.utilities.DatabasePopulator] Validating announcement01 ... PASS
INFO [acme.framework.utilities.DatabasePopulator] Validating announcement02 ... PASS
INFO [acme.framework.utilities.DatabasePopulator] Validating announcement03 ... PASS
INFO [acme.framework.utilities.DatabasePopulator] Validating announcement04 ... PASS
INFO [acme.framework.utilities.DatabasePopulator] Validating announcement05 ... PASS
INFO [acme.framework.utilities.DatabasePopulator] Validating announcement06 ... PASS
INFO [acme.framework.utilities.DatabasePopulator] Validating employer1UserAccount ... PASS
INFO [acme.framework.utilities.DatabasePopulator] Validating employer1Employer ... PASS
INFO [acme.framework.utilities.DatabasePopulator] Validating employer1Authenticated ... PASS
INFO [acme.framework.utilities.DatabasePopulator] Validating employer2UserAccount ... PASS
INFO [acme.framework.utilities.DatabasePopulator] Validating employer2Employer ... PASS
INFO [acme.framework.utilities.DatabasePopulator] Validating employer2Authenticated ... PASS
INFO [acme.framework.utilities.DatabasePopulator] Validating worker1UserAccount ... PASS
INFO [acme.framework.utilities.DatabasePopulator] Validating worker1Employer ... PASS
INFO [acme.framework.utilities.DatabasePopulator] Validating worker1Authenticated ... PASS
INFO [acme.framework.utilities.DatabasePopulator] Validating job1 ... PASS
INFO [acme.framework.utilities.DatabasePopulator] Validating job2 ... PASS
INFO [acme.framework.utilities.DatabasePopulator] Validating job3 ... PASS
INFO [acme.framework.utilities.DatabasePopulator] Validating job4 ... PASS
INFO [acme.framework.utilities.DatabasePopulator] Validating application1 ... PASS
INFO [acme.framework.utilities.DatabasePopulator] Validating banner1 ... PASS
INFO [acme.framework.utilities.DatabasePopulator] Validating banner2 ... PASS
INFO [acme.framework.utilities.DatabasePopulator] Validating banner3 ... PASS
INFO [acme.framework.utilities.DatabasePopulator] Validating banner4 ... PASS
INFO [acme.framework.utilities.DatabasePopulator] Validating banner5 ... PASS
INFO [acme.framework.utilities.DatabasePopulator] Sorting your entities topologically.
INFO [acme.framework.utilities.DatabasePopulator] > Setting index 0 for shout01.
INFO [acme.framework.utilities.DatabasePopulator] > Setting index 1 for shout02.
INFO [acme.framework.utilities.DatabasePopulator] > Setting index 2 for shout03.
INFO [acme.framework.utilities.DatabasePopulator] > Setting index 3 for shout04.
INFO [acme.framework.utilities.DatabasePopulator] > Setting index 4 for announcement01.
INFO [acme.framework.utilities.DatabasePopulator] > Setting index 5 for announcement02.
INFO [acme.framework.utilities.DatabasePopulator] > Setting index 6 for announcement03.
INFO [acme.framework.utilities.DatabasePopulator] > Setting index 7 for announcement04.
INFO [acme.framework.utilities.DatabasePopulator] > Setting index 8 for announcement05.
INFO [acme.framework.utilities.DatabasePopulator] > Setting index 9 for announcement06.
INFO [acme.framework.utilities.DatabasePopulator] > Setting index 10 for employer1UserAccount.
INFO [acme.framework.utilities.DatabasePopulator] > Setting index 11 for employer1Employer.
INFO [acme.framework.utilities.DatabasePopulator] > Setting index 12 for employer1Authenticated.
INFO [acme.framework.utilities.DatabasePopulator] > Setting index 13 for employer2UserAccount.
INFO [acme.framework.utilities.DatabasePopulator] > Setting index 14 for employer2Employer.
INFO [acme.framework.utilities.DatabasePopulator] > Setting index 15 for employer2Authenticated.
INFO [acme.framework.utilities.DatabasePopulator] > Setting index 16 for worker1UserAccount.
INFO [acme.framework.utilities.DatabasePopulator] > Setting index 17 for worker1Employer.
INFO [acme.framework.utilities.DatabasePopulator] > Setting index 18 for worker1Authenticated.
INFO [acme.framework.utilities.DatabasePopulator] > Setting index 19 for job1.
INFO [acme.framework.utilities.DatabasePopulator] > Setting index 20 for job2.
INFO [acme.framework.utilities.DatabasePopulator] > Setting index 21 for job3.
INFO [acme.framework.utilities.DatabasePopulator] > Setting index 22 for job4.
INFO [acme.framework.utilities.DatabasePopulator] > Setting index 23 for application1.
INFO [acme.framework.utilities.DatabasePopulator] > Setting index 24 for banner1.
INFO [acme.framework.utilities.DatabasePopulator] > Setting index 25 for banner2.
INFO [acme.framework.utilities.DatabasePopulator] > Setting index 26 for banner3.
INFO [acme.framework.utilities.DatabasePopulator] > Setting index 27 for banner4.
INFO [acme.framework.utilities.DatabasePopulator] > Setting index 28 for banner5.
INFO [acme.framework.utilities.DatabasePopulator] Persiting your entities.
INFO [acme.framework.utilities.DatabasePopulator] > Persisting shout01 = acme.entities.shouts.Shout{id=6, version=0}
INFO [acme.framework.utilities.DatabasePopulator] > Persisting shout02 = acme.entities.shouts.Shout{id=7, version=0}
INFO [acme.framework.utilities.DatabasePopulator] > Persisting shout03 = acme.entities.shouts.Shout{id=8, version=0}
INFO [acme.framework.utilities.DatabasePopulator] > Persisting shout04 = acme.entities.shouts.Shout{id=9, version=0}
INFO [acme.framework.utilities.DatabasePopulator] > Persisting announcement01 = acme.entities.announcements.Announcement{id=10, version=0}
INFO [acme.framework.utilities.DatabasePopulator] > Persisting announcement02 = acme.entities.announcements.Announcement{id=11, version=0}
INFO [acme.framework.utilities.DatabasePopulator] > Persisting announcement03 = acme.entities.announcements.Announcement{id=12, version=0}
INFO [acme.framework.utilities.DatabasePopulator] > Persisting announcement04 = acme.entities.announcements.Announcement{id=13, version=0}
INFO [acme.framework.utilities.DatabasePopulator] > Persisting announcement05 = acme.entities.announcements.Announcement{id=14, version=0}
INFO [acme.framework.utilities.DatabasePopulator] > Persisting announcement06 = acme.entities.announcements.Announcement{id=15, version=0}
INFO [acme.framework.utilities.DatabasePopulator] > Persisting employer1UserAccount = acme.framework.entities.UserAccount{id=16, version=0}
INFO [acme.framework.utilities.DatabasePopulator] > Persisting employer1Employer = acme.entities.roles.Employer{id=17, version=0}
INFO [acme.framework.utilities.DatabasePopulator] > Persisting employer1Authenticated = acme.framework.entities.Authenticated{id=18, version=0}
INFO [acme.framework.utilities.DatabasePopulator] > Persisting employer2UserAccount = acme.framework.entities.UserAccount{id=19, version=0}
INFO [acme.framework.utilities.DatabasePopulator] > Persisting employer2Employer = acme.entities.roles.Employer{id=20, version=0}
INFO [acme.framework.utilities.DatabasePopulator] > Persisting employer2Authenticated = acme.framework.entities.Authenticated{id=21, version=0}
INFO [acme.framework.utilities.DatabasePopulator] > Persisting worker1UserAccount = acme.framework.entities.UserAccount{id=22, version=0}
INFO [acme.framework.utilities.DatabasePopulator] > Persisting worker1Employer = acme.entities.roles.Worker{id=23, version=0}
INFO [acme.framework.utilities.DatabasePopulator] > Persisting worker1Authenticated = acme.framework.entities.Authenticated{id=24, version=0}
INFO [acme.framework.utilities.DatabasePopulator] > Persisting job1 = acme.entities.jobs.Job{id=25, version=0}
INFO [acme.framework.utilities.DatabasePopulator] > Persisting job2 = acme.entities.jobs.Job{id=26, version=0}
INFO [acme.framework.utilities.DatabasePopulator] > Persisting job3 = acme.entities.jobs.Job{id=27, version=0}
INFO [acme.framework.utilities.DatabasePopulator] > Persisting job4 = acme.entities.jobs.Job{id=28, version=0}
INFO [acme.framework.utilities.DatabasePopulator] > Persisting application1 = acme.entities.jobs.Application{id=29, version=0}
INFO [acme.framework.utilities.DatabasePopulator] > Persisting banner1 = acme.entities.banners.Banner{id=30, version=0}
INFO [acme.framework.utilities.DatabasePopulator] > Persisting banner2 = acme.entities.banners.Banner{id=31, version=0}
INFO [acme.framework.utilities.DatabasePopulator] > Persisting banner3 = acme.entities.banners.Banner{id=32, version=0}
INFO [acme.framework.utilities.DatabasePopulator] > Persisting banner4 = acme.entities.banners.Banner{id=33, version=0}
INFO [acme.framework.utilities.DatabasePopulator] > Persisting banner5 = acme.entities.banners.Banner{id=34, version=0}
INFO [acme.framework.configuration.ShutdownConfiguration] The system is shutting down...
INFO [acme.Launcher] Starting Launcher using Java 1.8.0_221 on CAPONATA with PID 18924 (D:\Courses\D&T\20-21\Workspace-21.2\Starters\Acme-Jobs\target\classes started by corchu in D:\Courses\D&T\20-21\Workspace-21.2\Starters\Acme-Jobs)
INFO [acme.Launcher] The following profiles are active: development,populator
INFO [acme.Launcher] Started Launcher in 6.169 seconds (JVM running for 6.884)
INFO [acme.framework.utilities.DatabasePopulator] Populating sample data
INFO [acme.framework.utilities.DatabasePopulator] Recreating schema
INFO [acme.framework.utilities.DatabasePopulator] Populating entities from classpath:/WEB-INF/population/initial-data.xml
INFO [acme.framework.utilities.DatabasePopulator] Validating your entities.
INFO [acme.framework.utilities.DatabasePopulator] Validating anonymousUserAccount ... PASS
INFO [acme.framework.utilities.DatabasePopulator] Validating anonymousAnonymous ... PASS
INFO [acme.framework.utilities.DatabasePopulator] Validating administratorUserAccount ... PASS
INFO [acme.framework.utilities.DatabasePopulator] Validating administratorAdministrator ... PASS
INFO [acme.framework.utilities.DatabasePopulator] Validating administratorAuthenticated ... PASS
INFO [acme.framework.utilities.DatabasePopulator] Sorting your entities topologically.
INFO [acme.framework.utilities.DatabasePopulator] > Setting index 0 for anonymousUserAccount.
INFO [acme.framework.utilities.DatabasePopulator] > Setting index 1 for anonymousAnonymous.
INFO [acme.framework.utilities.DatabasePopulator] > Setting index 2 for administratorUserAccount.
INFO [acme.framework.utilities.DatabasePopulator] > Setting index 3 for administratorAdministrator.
INFO [acme.framework.utilities.DatabasePopulator] > Setting index 4 for administratorAuthenticated.
INFO [acme.framework.utilities.DatabasePopulator] Persiting your entities.
INFO [acme.framework.utilities.DatabasePopulator] > Persisting anonymousUserAccount = acme.framework.entities.UserAccount{id=1, version=0}
INFO [acme.framework.utilities.DatabasePopulator] > Persisting anonymousAnonymous = acme.framework.entities.Anonymous{id=2, version=0}
INFO [acme.framework.utilities.DatabasePopulator] > Persisting administratorUserAccount = acme.framework.entities.UserAccount{id=3, version=0}
INFO [acme.framework.utilities.DatabasePopulator] > Persisting administratorAdministrator = acme.framework.entities.Administrator{id=4, version=0}
INFO [acme.framework.utilities.DatabasePopulator] > Persisting administratorAuthenticated = acme.framework.entities.Authenticated{id=5, version=0}
INFO [acme.framework.utilities.DatabasePopulator] Populating entities from classpath:/WEB-INF/population/sample-data.xml
INFO [acme.framework.utilities.DatabasePopulator] Validating your entities.
INFO [acme.framework.utilities.DatabasePopulator] Validating shout01 ... PASS
INFO [acme.framework.utilities.DatabasePopulator] Validating shout02 ... PASS
INFO [acme.framework.utilities.DatabasePopulator] Validating shout03 ... PASS
INFO [acme.framework.utilities.DatabasePopulator] Validating shout04 ... PASS
INFO [acme.framework.utilities.DatabasePopulator] Validating announcement01 ... PASS
INFO [acme.framework.utilities.DatabasePopulator] Validating announcement02 ... PASS
INFO [acme.framework.utilities.DatabasePopulator] Validating announcement03 ... PASS
INFO [acme.framework.utilities.DatabasePopulator] Validating announcement04 ... PASS
INFO [acme.framework.utilities.DatabasePopulator] Validating announcement05 ... PASS
INFO [acme.framework.utilities.DatabasePopulator] Validating announcement06 ... PASS
INFO [acme.framework.utilities.DatabasePopulator] Validating employer1UserAccount ... PASS
INFO [acme.framework.utilities.DatabasePopulator] Validating employer1Employer ... PASS
INFO [acme.framework.utilities.DatabasePopulator] Validating employer1Authenticated ... PASS
INFO [acme.framework.utilities.DatabasePopulator] Validating employer2UserAccount ... PASS
INFO [acme.framework.utilities.DatabasePopulator] Validating employer2Employer ... PASS
INFO [acme.framework.utilities.DatabasePopulator] Validating employer2Authenticated ... PASS
INFO [acme.framework.utilities.DatabasePopulator] Validating worker1UserAccount ... PASS
INFO [acme.framework.utilities.DatabasePopulator] Validating worker1Employer ... PASS
INFO [acme.framework.utilities.DatabasePopulator] Validating worker1Authenticated ... PASS
INFO [acme.framework.utilities.DatabasePopulator] Validating job1 ... PASS
INFO [acme.framework.utilities.DatabasePopulator] Validating job2 ... PASS
INFO [acme.framework.utilities.DatabasePopulator] Validating job3 ... PASS
INFO [acme.framework.utilities.DatabasePopulator] Validating job4 ... PASS
INFO [acme.framework.utilities.DatabasePopulator] Validating application1 ... PASS
INFO [acme.framework.utilities.DatabasePopulator] Validating banner1 ... PASS
INFO [acme.framework.utilities.DatabasePopulator] Validating banner2 ... PASS
INFO [acme.framework.utilities.DatabasePopulator] Validating banner3 ... PASS
INFO [acme.framework.utilities.DatabasePopulator] Validating banner4 ... PASS
INFO [acme.framework.utilities.DatabasePopulator] Validating banner5 ... PASS
INFO [acme.framework.utilities.DatabasePopulator] Sorting your entities topologically.
INFO [acme.framework.utilities.DatabasePopulator] > Setting index 0 for shout01.
INFO [acme.framework.utilities.DatabasePopulator] > Setting index 1 for shout02.
INFO [acme.framework.utilities.DatabasePopulator] > Setting index 2 for shout03.
INFO [acme.framework.utilities.DatabasePopulator] > Setting index 3 for shout04.
INFO [acme.framework.utilities.DatabasePopulator] > Setting index 4 for announcement01.
INFO [acme.framework.utilities.DatabasePopulator] > Setting index 5 for announcement02.
INFO [acme.framework.utilities.DatabasePopulator] > Setting index 6 for announcement03.
INFO [acme.framework.utilities.DatabasePopulator] > Setting index 7 for announcement04.
INFO [acme.framework.utilities.DatabasePopulator] > Setting index 8 for announcement05.
INFO [acme.framework.utilities.DatabasePopulator] > Setting index 9 for announcement06.
INFO [acme.framework.utilities.DatabasePopulator] > Setting index 10 for employer1UserAccount.
INFO [acme.framework.utilities.DatabasePopulator] > Setting index 11 for employer1Employer.
INFO [acme.framework.utilities.DatabasePopulator] > Setting index 12 for employer1Authenticated.
INFO [acme.framework.utilities.DatabasePopulator] > Setting index 13 for employer2UserAccount.
INFO [acme.framework.utilities.DatabasePopulator] > Setting index 14 for employer2Employer.
INFO [acme.framework.utilities.DatabasePopulator] > Setting index 15 for employer2Authenticated.
INFO [acme.framework.utilities.DatabasePopulator] > Setting index 16 for worker1UserAccount.
INFO [acme.framework.utilities.DatabasePopulator] > Setting index 17 for worker1Employer.
INFO [acme.framework.utilities.DatabasePopulator] > Setting index 18 for worker1Authenticated.
INFO [acme.framework.utilities.DatabasePopulator] > Setting index 19 for job1.
INFO [acme.framework.utilities.DatabasePopulator] > Setting index 20 for job2.
INFO [acme.framework.utilities.DatabasePopulator] > Setting index 21 for job3.
INFO [acme.framework.utilities.DatabasePopulator] > Setting index 22 for job4.
INFO [acme.framework.utilities.DatabasePopulator] > Setting index 23 for application1.
INFO [acme.framework.utilities.DatabasePopulator] > Setting index 24 for banner1.
INFO [acme.framework.utilities.DatabasePopulator] > Setting index 25 for banner2.
INFO [acme.framework.utilities.DatabasePopulator] > Setting index 26 for banner3.
INFO [acme.framework.utilities.DatabasePopulator] > Setting index 27 for banner4.
INFO [acme.framework.utilities.DatabasePopulator] > Setting index 28 for banner5.
INFO [acme.framework.utilities.DatabasePopulator] Persiting your entities.
INFO [acme.framework.utilities.DatabasePopulator] > Persisting shout01 = acme.entities.shouts.Shout{id=6, version=0}
INFO [acme.framework.utilities.DatabasePopulator] > Persisting shout02 = acme.entities.shouts.Shout{id=7, version=0}
INFO [acme.framework.utilities.DatabasePopulator] > Persisting shout03 = acme.entities.shouts.Shout{id=8, version=0}
INFO [acme.framework.utilities.DatabasePopulator] > Persisting shout04 = acme.entities.shouts.Shout{id=9, version=0}
INFO [acme.framework.utilities.DatabasePopulator] > Persisting announcement01 = acme.entities.announcements.Announcement{id=10, version=0}
INFO [acme.framework.utilities.DatabasePopulator] > Persisting announcement02 = acme.entities.announcements.Announcement{id=11, version=0}
INFO [acme.framework.utilities.DatabasePopulator] > Persisting announcement03 = acme.entities.announcements.Announcement{id=12, version=0}
INFO [acme.framework.utilities.DatabasePopulator] > Persisting announcement04 = acme.entities.announcements.Announcement{id=13, version=0}
INFO [acme.framework.utilities.DatabasePopulator] > Persisting announcement05 = acme.entities.announcements.Announcement{id=14, version=0}
INFO [acme.framework.utilities.DatabasePopulator] > Persisting announcement06 = acme.entities.announcements.Announcement{id=15, version=0}
INFO [acme.framework.utilities.DatabasePopulator] > Persisting employer1UserAccount = acme.framework.entities.UserAccount{id=16, version=0}
INFO [acme.framework.utilities.DatabasePopulator] > Persisting employer1Employer = acme.entities.roles.Employer{id=17, version=0}
INFO [acme.framework.utilities.DatabasePopulator] > Persisting employer1Authenticated = acme.framework.entities.Authenticated{id=18, version=0}
INFO [acme.framework.utilities.DatabasePopulator] > Persisting employer2UserAccount = acme.framework.entities.UserAccount{id=19, version=0}
INFO [acme.framework.utilities.DatabasePopulator] > Persisting employer2Employer = acme.entities.roles.Employer{id=20, version=0}
INFO [acme.framework.utilities.DatabasePopulator] > Persisting employer2Authenticated = acme.framework.entities.Authenticated{id=21, version=0}
INFO [acme.framework.utilities.DatabasePopulator] > Persisting worker1UserAccount = acme.framework.entities.UserAccount{id=22, version=0}
INFO [acme.framework.utilities.DatabasePopulator] > Persisting worker1Employer = acme.entities.roles.Worker{id=23, version=0}
INFO [acme.framework.utilities.DatabasePopulator] > Persisting worker1Authenticated = acme.framework.entities.Authenticated{id=24, version=0}
INFO [acme.framework.utilities.DatabasePopulator] > Persisting job1 = acme.entities.jobs.Job{id=25, version=0}
INFO [acme.framework.utilities.DatabasePopulator] > Persisting job2 = acme.entities.jobs.Job{id=26, version=0}
INFO [acme.framework.utilities.DatabasePopulator] > Persisting job3 = acme.entities.jobs.Job{id=27, version=0}
INFO [acme.framework.utilities.DatabasePopulator] > Persisting job4 = acme.entities.jobs.Job{id=28, version=0}
INFO [acme.framework.utilities.DatabasePopulator] > Persisting application1 = acme.entities.jobs.Application{id=29, version=0}
INFO [acme.framework.utilities.DatabasePopulator] > Persisting banner1 = acme.entities.banners.Banner{id=30, version=0}
INFO [acme.framework.utilities.DatabasePopulator] > Persisting banner2 = acme.entities.banners.Banner{id=31, version=0}
INFO [acme.framework.utilities.DatabasePopulator] > Persisting banner3 = acme.entities.banners.Banner{id=32, version=0}
INFO [acme.framework.utilities.DatabasePopulator] > Persisting banner4 = acme.entities.banners.Banner{id=33, version=0}
INFO [acme.framework.utilities.DatabasePopulator] > Persisting banner5 = acme.entities.banners.Banner{id=34, version=0}
INFO [acme.framework.configuration.ShutdownConfiguration] The system is shutting down...
INFO [acme.Launcher] Starting Launcher using Java 1.8.0_221 on CAPONATA with PID 7544 (D:\Courses\D&T\20-21\Workspace-21.2\Starters\Acme-Jobs\target\classes started by corchu in D:\Courses\D&T\20-21\Workspace-21.2\Starters\Acme-Jobs)
INFO [acme.Launcher] The following profiles are active: development,populator
INFO [acme.Launcher] Started Launcher in 5.557 seconds (JVM running for 6.198)
INFO [acme.framework.utilities.DatabasePopulator] Populating initial data
INFO [acme.framework.utilities.DatabasePopulator] Recreating schema
INFO [acme.framework.utilities.DatabasePopulator] Populating entities from classpath:/WEB-INF/population/initial-data.xml
INFO [acme.framework.utilities.DatabasePopulator] Validating your entities.
INFO [acme.framework.utilities.DatabasePopulator] Validating anonymousUserAccount ... PASS
INFO [acme.framework.utilities.DatabasePopulator] Validating anonymousAnonymous ... PASS
INFO [acme.framework.utilities.DatabasePopulator] Validating administratorUserAccount ... PASS
INFO [acme.framework.utilities.DatabasePopulator] Validating administratorAdministrator ... PASS
INFO [acme.framework.utilities.DatabasePopulator] Validating administratorAuthenticated ... PASS
INFO [acme.framework.utilities.DatabasePopulator] Sorting your entities topologically.
INFO [acme.framework.utilities.DatabasePopulator] > Setting index 0 for anonymousUserAccount.
INFO [acme.framework.utilities.DatabasePopulator] > Setting index 1 for anonymousAnonymous.
INFO [acme.framework.utilities.DatabasePopulator] > Setting index 2 for administratorUserAccount.
INFO [acme.framework.utilities.DatabasePopulator] > Setting index 3 for administratorAdministrator.
INFO [acme.framework.utilities.DatabasePopulator] > Setting index 4 for administratorAuthenticated.
INFO [acme.framework.utilities.DatabasePopulator] Persiting your entities.
INFO [acme.framework.utilities.DatabasePopulator] > Persisting anonymousUserAccount = acme.framework.entities.UserAccount{id=1, version=0}
INFO [acme.framework.utilities.DatabasePopulator] > Persisting anonymousAnonymous = acme.framework.entities.Anonymous{id=2, version=0}
INFO [acme.framework.utilities.DatabasePopulator] > Persisting administratorUserAccount = acme.framework.entities.UserAccount{id=3, version=0}
INFO [acme.framework.utilities.DatabasePopulator] > Persisting administratorAdministrator = acme.framework.entities.Administrator{id=4, version=0}
INFO [acme.framework.utilities.DatabasePopulator] > Persisting administratorAuthenticated = acme.framework.entities.Authenticated{id=5, version=0}
INFO [acme.framework.configuration.ShutdownConfiguration] The system is shutting down...
INFO [acme.Launcher] Starting Launcher using Java 1.8.0_221 on CAPONATA with PID 16076 (D:\Courses\D&T\20-21\Workspace-21.2\Starters\Acme-Jobs\target\classes started by corchu in D:\Courses\D&T\20-21\Workspace-21.2\Starters\Acme-Jobs)
INFO [acme.Launcher] The following profiles are active: development,populator
INFO [acme.Launcher] Started Launcher in 5.674 seconds (JVM running for 6.335)
INFO [acme.framework.utilities.DatabasePopulator] Populating sample data
INFO [acme.framework.utilities.DatabasePopulator] Recreating schema
INFO [acme.framework.utilities.DatabasePopulator] Populating entities from classpath:/WEB-INF/population/initial-data.xml
INFO [acme.framework.utilities.DatabasePopulator] Validating your entities.
INFO [acme.framework.utilities.DatabasePopulator] Validating anonymousUserAccount ... PASS
INFO [acme.framework.utilities.DatabasePopulator] Validating anonymousAnonymous ... PASS
INFO [acme.framework.utilities.DatabasePopulator] Validating administratorUserAccount ... PASS
INFO [acme.framework.utilities.DatabasePopulator] Validating administratorAdministrator ... PASS
INFO [acme.framework.utilities.DatabasePopulator] Validating administratorAuthenticated ... PASS
INFO [acme.framework.utilities.DatabasePopulator] Sorting your entities topologically.
INFO [acme.framework.utilities.DatabasePopulator] > Setting index 0 for anonymousUserAccount.
INFO [acme.framework.utilities.DatabasePopulator] > Setting index 1 for anonymousAnonymous.
INFO [acme.framework.utilities.DatabasePopulator] > Setting index 2 for administratorUserAccount.
INFO [acme.framework.utilities.DatabasePopulator] > Setting index 3 for administratorAdministrator.
INFO [acme.framework.utilities.DatabasePopulator] > Setting index 4 for administratorAuthenticated.
INFO [acme.framework.utilities.DatabasePopulator] Persiting your entities.
INFO [acme.framework.utilities.DatabasePopulator] > Persisting anonymousUserAccount = acme.framework.entities.UserAccount{id=1, version=0}
INFO [acme.framework.utilities.DatabasePopulator] > Persisting anonymousAnonymous = acme.framework.entities.Anonymous{id=2, version=0}
INFO [acme.framework.utilities.DatabasePopulator] > Persisting administratorUserAccount = acme.framework.entities.UserAccount{id=3, version=0}
INFO [acme.framework.utilities.DatabasePopulator] > Persisting administratorAdministrator = acme.framework.entities.Administrator{id=4, version=0}
INFO [acme.framework.utilities.DatabasePopulator] > Persisting administratorAuthenticated = acme.framework.entities.Authenticated{id=5, version=0}
INFO [acme.framework.utilities.DatabasePopulator] Populating entities from classpath:/WEB-INF/population/sample-data.xml
INFO [acme.framework.utilities.DatabasePopulator] Validating your entities.
INFO [acme.framework.utilities.DatabasePopulator] Validating shout01 ... PASS
INFO [acme.framework.utilities.DatabasePopulator] Validating shout02 ... PASS
INFO [acme.framework.utilities.DatabasePopulator] Validating shout03 ... PASS
INFO [acme.framework.utilities.DatabasePopulator] Validating shout04 ... PASS
INFO [acme.framework.utilities.DatabasePopulator] Validating announcement01 ... PASS
INFO [acme.framework.utilities.DatabasePopulator] Validating announcement02 ... PASS
INFO [acme.framework.utilities.DatabasePopulator] Validating announcement03 ... PASS
INFO [acme.framework.utilities.DatabasePopulator] Validating announcement04 ... PASS
INFO [acme.framework.utilities.DatabasePopulator] Validating announcement05 ... PASS
INFO [acme.framework.utilities.DatabasePopulator] Validating announcement06 ... PASS
INFO [acme.framework.utilities.DatabasePopulator] Validating employer1UserAccount ... PASS
INFO [acme.framework.utilities.DatabasePopulator] Validating employer1Employer ... PASS
INFO [acme.framework.utilities.DatabasePopulator] Validating employer1Authenticated ... PASS
INFO [acme.framework.utilities.DatabasePopulator] Validating employer2UserAccount ... PASS
INFO [acme.framework.utilities.DatabasePopulator] Validating employer2Employer ... PASS
INFO [acme.framework.utilities.DatabasePopulator] Validating employer2Authenticated ... PASS
INFO [acme.framework.utilities.DatabasePopulator] Validating worker1UserAccount ... PASS
INFO [acme.framework.utilities.DatabasePopulator] Validating worker1Employer ... PASS
INFO [acme.framework.utilities.DatabasePopulator] Validating worker1Authenticated ... PASS
INFO [acme.framework.utilities.DatabasePopulator] Validating job1 ... PASS
INFO [acme.framework.utilities.DatabasePopulator] Validating job2 ... PASS
INFO [acme.framework.utilities.DatabasePopulator] Validating job3 ... PASS
INFO [acme.framework.utilities.DatabasePopulator] Validating job4 ... PASS
INFO [acme.framework.utilities.DatabasePopulator] Validating application1 ... PASS
INFO [acme.framework.utilities.DatabasePopulator] Validating banner1 ... PASS
INFO [acme.framework.utilities.DatabasePopulator] Validating banner2 ... PASS
INFO [acme.framework.utilities.DatabasePopulator] Validating banner3 ... PASS
INFO [acme.framework.utilities.DatabasePopulator] Validating banner4 ... PASS
INFO [acme.framework.utilities.DatabasePopulator] Validating banner5 ... PASS
INFO [acme.framework.utilities.DatabasePopulator] Sorting your entities topologically.
INFO [acme.framework.utilities.DatabasePopulator] > Setting index 0 for shout01.
INFO [acme.framework.utilities.DatabasePopulator] > Setting index 1 for shout02.
INFO [acme.framework.utilities.DatabasePopulator] > Setting index 2 for shout03.
INFO [acme.framework.utilities.DatabasePopulator] > Setting index 3 for shout04.
INFO [acme.framework.utilities.DatabasePopulator] > Setting index 4 for announcement01.
INFO [acme.framework.utilities.DatabasePopulator] > Setting index 5 for announcement02.
INFO [acme.framework.utilities.DatabasePopulator] > Setting index 6 for announcement03.
INFO [acme.framework.utilities.DatabasePopulator] > Setting index 7 for announcement04.
INFO [acme.framework.utilities.DatabasePopulator] > Setting index 8 for announcement05.
INFO [acme.framework.utilities.DatabasePopulator] > Setting index 9 for announcement06.
INFO [acme.framework.utilities.DatabasePopulator] > Setting index 10 for employer1UserAccount.
INFO [acme.framework.utilities.DatabasePopulator] > Setting index 11 for employer1Employer.
INFO [acme.framework.utilities.DatabasePopulator] > Setting index 12 for employer1Authenticated.
INFO [acme.framework.utilities.DatabasePopulator] > Setting index 13 for employer2UserAccount.
INFO [acme.framework.utilities.DatabasePopulator] > Setting index 14 for employer2Employer.
INFO [acme.framework.utilities.DatabasePopulator] > Setting index 15 for employer2Authenticated.
INFO [acme.framework.utilities.DatabasePopulator] > Setting index 16 for worker1UserAccount.
INFO [acme.framework.utilities.DatabasePopulator] > Setting index 17 for worker1Employer.
INFO [acme.framework.utilities.DatabasePopulator] > Setting index 18 for worker1Authenticated.
INFO [acme.framework.utilities.DatabasePopulator] > Setting index 19 for job1.
INFO [acme.framework.utilities.DatabasePopulator] > Setting index 20 for job2.
INFO [acme.framework.utilities.DatabasePopulator] > Setting index 21 for job3.
INFO [acme.framework.utilities.DatabasePopulator] > Setting index 22 for job4.
INFO [acme.framework.utilities.DatabasePopulator] > Setting index 23 for application1.
INFO [acme.framework.utilities.DatabasePopulator] > Setting index 24 for banner1.
INFO [acme.framework.utilities.DatabasePopulator] > Setting index 25 for banner2.
INFO [acme.framework.utilities.DatabasePopulator] > Setting index 26 for banner3.
INFO [acme.framework.utilities.DatabasePopulator] > Setting index 27 for banner4.
INFO [acme.framework.utilities.DatabasePopulator] > Setting index 28 for banner5.
INFO [acme.framework.utilities.DatabasePopulator] Persiting your entities.
INFO [acme.framework.utilities.DatabasePopulator] > Persisting shout01 = acme.entities.shouts.Shout{id=6, version=0}
INFO [acme.framework.utilities.DatabasePopulator] > Persisting shout02 = acme.entities.shouts.Shout{id=7, version=0}
INFO [acme.framework.utilities.DatabasePopulator] > Persisting shout03 = acme.entities.shouts.Shout{id=8, version=0}
INFO [acme.framework.utilities.DatabasePopulator] > Persisting shout04 = acme.entities.shouts.Shout{id=9, version=0}
INFO [acme.framework.utilities.DatabasePopulator] > Persisting announcement01 = acme.entities.announcements.Announcement{id=10, version=0}
INFO [acme.framework.utilities.DatabasePopulator] > Persisting announcement02 = acme.entities.announcements.Announcement{id=11, version=0}
INFO [acme.framework.utilities.DatabasePopulator] > Persisting announcement03 = acme.entities.announcements.Announcement{id=12, version=0}
INFO [acme.framework.utilities.DatabasePopulator] > Persisting announcement04 = acme.entities.announcements.Announcement{id=13, version=0}
INFO [acme.framework.utilities.DatabasePopulator] > Persisting announcement05 = acme.entities.announcements.Announcement{id=14, version=0}
INFO [acme.framework.utilities.DatabasePopulator] > Persisting announcement06 = acme.entities.announcements.Announcement{id=15, version=0}
INFO [acme.framework.utilities.DatabasePopulator] > Persisting employer1UserAccount = acme.framework.entities.UserAccount{id=16, version=0}
INFO [acme.framework.utilities.DatabasePopulator] > Persisting employer1Employer = acme.entities.roles.Employer{id=17, version=0}
INFO [acme.framework.utilities.DatabasePopulator] > Persisting employer1Authenticated = acme.framework.entities.Authenticated{id=18, version=0}
INFO [acme.framework.utilities.DatabasePopulator] > Persisting employer2UserAccount = acme.framework.entities.UserAccount{id=19, version=0}
INFO [acme.framework.utilities.DatabasePopulator] > Persisting employer2Employer = acme.entities.roles.Employer{id=20, version=0}
INFO [acme.framework.utilities.DatabasePopulator] > Persisting employer2Authenticated = acme.framework.entities.Authenticated{id=21, version=0}
INFO [acme.framework.utilities.DatabasePopulator] > Persisting worker1UserAccount = acme.framework.entities.UserAccount{id=22, version=0}
INFO [acme.framework.utilities.DatabasePopulator] > Persisting worker1Employer = acme.entities.roles.Worker{id=23, version=0}
INFO [acme.framework.utilities.DatabasePopulator] > Persisting worker1Authenticated = acme.framework.entities.Authenticated{id=24, version=0}
INFO [acme.framework.utilities.DatabasePopulator] > Persisting job1 = acme.entities.jobs.Job{id=25, version=0}
INFO [acme.framework.utilities.DatabasePopulator] > Persisting job2 = acme.entities.jobs.Job{id=26, version=0}
INFO [acme.framework.utilities.DatabasePopulator] > Persisting job3 = acme.entities.jobs.Job{id=27, version=0}
INFO [acme.framework.utilities.DatabasePopulator] > Persisting job4 = acme.entities.jobs.Job{id=28, version=0}
INFO [acme.framework.utilities.DatabasePopulator] > Persisting application1 = acme.entities.jobs.Application{id=29, version=0}
INFO [acme.framework.utilities.DatabasePopulator] > Persisting banner1 = acme.entities.banners.Banner{id=30, version=0}
INFO [acme.framework.utilities.DatabasePopulator] > Persisting banner2 = acme.entities.banners.Banner{id=31, version=0}
INFO [acme.framework.utilities.DatabasePopulator] > Persisting banner3 = acme.entities.banners.Banner{id=32, version=0}
INFO [acme.framework.utilities.DatabasePopulator] > Persisting banner4 = acme.entities.banners.Banner{id=33, version=0}
INFO [acme.framework.utilities.DatabasePopulator] > Persisting banner5 = acme.entities.banners.Banner{id=34, version=0}
INFO [acme.framework.configuration.ShutdownConfiguration] The system is shutting down...
WARN [org.hibernate.orm.connections.pooling] HHH10001002: Using Hibernate built-in connection pool (not for production use!)
INFO [acme.Launcher] Starting Launcher using Java 1.8.0_202 on msi with PID 29036 (/home/luismi/Workspace-21.1/Projects/Acme-Planner/target/classes started by luismi in /home/luismi/Workspace-21.1/Projects/Acme-Planner)
INFO [acme.Launcher] The following profiles are active: development,populator
INFO [acme.Launcher] Starting Launcher using Java 1.8.0_202 on msi with PID 29875 (/home/luismi/Workspace-21.1/Projects/Acme-Planner/target/classes started by luismi in /home/luismi/Workspace-21.1/Projects/Acme-Planner)
INFO [acme.Launcher] The following profiles are active: development,populator
INFO [acme.Launcher] Starting Launcher using Java 1.8.0_202 on msi with PID 29975 (/home/luismi/Workspace-21.1/Projects/Acme-Planner/target/classes started by luismi in /home/luismi/Workspace-21.1/Projects/Acme-Planner)
INFO [acme.Launcher] The following profiles are active: development,populator
INFO [acme.Launcher] Started Launcher in 10.33 seconds (JVM running for 11.037)
INFO [acme.framework.utilities.DatabasePopulator] Populating initial data
INFO [acme.framework.utilities.DatabasePopulator] Recreating schema
INFO [acme.framework.utilities.DatabasePopulator] Populating entities from classpath:/WEB-INF/population/initial-data.xml
INFO [acme.framework.utilities.DatabasePopulator] Validating your entities.
INFO [acme.framework.utilities.DatabasePopulator] Validating anonymousUserAccount ... PASS
INFO [acme.framework.utilities.DatabasePopulator] Validating anonymousAnonymous ... PASS
INFO [acme.framework.utilities.DatabasePopulator] Validating administratorUserAccount ... PASS
INFO [acme.framework.utilities.DatabasePopulator] Validating administratorAdministrator ... PASS
INFO [acme.framework.utilities.DatabasePopulator] Validating administratorAuthenticated ... PASS
INFO [acme.framework.utilities.DatabasePopulator] Sorting your entities topologically.
INFO [acme.framework.utilities.DatabasePopulator] > Setting index 0 for anonymousUserAccount.
INFO [acme.framework.utilities.DatabasePopulator] > Setting index 1 for anonymousAnonymous.
INFO [acme.framework.utilities.DatabasePopulator] > Setting index 2 for administratorUserAccount.
INFO [acme.framework.utilities.DatabasePopulator] > Setting index 3 for administratorAdministrator.
INFO [acme.framework.utilities.DatabasePopulator] > Setting index 4 for administratorAuthenticated.
INFO [acme.framework.utilities.DatabasePopulator] Persiting your entities.
INFO [acme.framework.utilities.DatabasePopulator] > Persisting anonymousUserAccount = acme.framework.entities.UserAccount{id=1, version=0}
INFO [acme.framework.utilities.DatabasePopulator] > Persisting anonymousAnonymous = acme.framework.entities.Anonymous{id=2, version=0}
INFO [acme.framework.utilities.DatabasePopulator] > Persisting administratorUserAccount = acme.framework.entities.UserAccount{id=3, version=0}
INFO [acme.framework.utilities.DatabasePopulator] > Persisting administratorAdministrator = acme.framework.entities.Administrator{id=4, version=0}
INFO [acme.framework.utilities.DatabasePopulator] > Persisting administratorAuthenticated = acme.framework.entities.Authenticated{id=5, version=0}
INFO [acme.framework.configuration.ShutdownConfiguration] The system is shutting down...
